<?xml version="1.0" encoding="UTF-8"?>
<!-- Generated by org.testng.reporters.JUnitXMLReporter -->
<testsuite ignored="0" hostname="DESKTOP-KV0K3U5" failures="0" tests="6" name="Test" time="13.523" errors="0" timestamp="26 Mar 2020 21:48:38 GMT">
  <testcase classname="testcases.RegistrationPageTests" name="@BeforeMethod setup" time="11.689">
    <failure type="java.lang.NullPointerException" message="null value in entry: url=null">
      <![CDATA[java.lang.NullPointerException: null value in entry: url=null
	at com.google.common.collect.CollectPreconditions.checkEntryNotNull(CollectPreconditions.java:32)
	at com.google.common.collect.SingletonImmutableBiMap.<init>(SingletonImmutableBiMap.java:42)
	at com.google.common.collect.ImmutableBiMap.of(ImmutableBiMap.java:72)
	at com.google.common.collect.ImmutableMap.of(ImmutableMap.java:124)
	at org.openqa.selenium.remote.RemoteWebDriver.get(RemoteWebDriver.java:276)
	at org.openqa.selenium.support.events.EventFiringWebDriver.lambda$new$1(EventFiringWebDriver.java:105)
	at com.sun.proxy.$Proxy11.get(Unknown Source)
	at org.openqa.selenium.support.events.EventFiringWebDriver.get(EventFiringWebDriver.java:165)
	at com.qa.carreg.base.TestBase.initialization(TestBase.java:75)
	at testcases.RegistrationPageTests.setup(RegistrationPageTests.java:37)
... Removed 31 stack frames]]>
    </failure>
  </testcase> <!-- @BeforeMethod setup -->
  <testcase classname="testcases.RegistrationPageTests" name="@BeforeMethod setup" time="0.0">
    <skipped/>
  </testcase> <!-- @BeforeMethod setup -->
  <testcase classname="testcases.RegistrationPageTests" name="@BeforeMethod setup" time="0.0">
    <skipped/>
  </testcase> <!-- @BeforeMethod setup -->
  <testcase classname="testcases.RegistrationPageTests" name="@BeforeMethod setup" time="0.0">
    <skipped/>
  </testcase> <!-- @BeforeMethod setup -->
  <testcase classname="testcases.RegistrationPageTests" name="@BeforeMethod setup" time="0.0">
    <skipped/>
  </testcase> <!-- @BeforeMethod setup -->
  <testcase classname="testcases.RegistrationPageTests" name="@BeforeMethod setup" time="0.0">
    <skipped/>
  </testcase> <!-- @BeforeMethod setup -->
  <testcase classname="testcases.RegistrationPageTests" name="validateNewregistrationPositiveCases" time="0.0">
    <skipped/>
  </testcase> <!-- validateNewregistrationPositiveCases -->
  <testcase classname="testcases.RegistrationPageTests" name="validateNewregistrationPositiveCases" time="0.0">
    <skipped/>
  </testcase> <!-- validateNewregistrationPositiveCases -->
  <testcase classname="testcases.RegistrationPageTests" name="validateNewregistrationPositiveCases" time="0.0">
    <skipped/>
  </testcase> <!-- validateNewregistrationPositiveCases -->
  <testcase classname="testcases.RegistrationPageTests" name="validateNewregistrationPositiveCases" time="0.0">
    <skipped/>
  </testcase> <!-- validateNewregistrationPositiveCases -->
  <testcase classname="testcases.RegistrationPageTests" name="validateNewregistrationPositiveCases" time="0.0">
    <skipped/>
  </testcase> <!-- validateNewregistrationPositiveCases -->
  <testcase classname="testcases.RegistrationPageTests" name="validateNewregistrationPositiveCases" time="0.0">
    <skipped/>
  </testcase> <!-- validateNewregistrationPositiveCases -->
</testsuite> <!-- Test -->
